生成启动时间为 2017/10/14 10:43:26。
     1>项目“F:\combus\Ctestdll\Ctestdll\Ctestdll.vcxproj”在节点 2 上(rebuild 个目标)。
     1>_PrepareForClean:
         正在删除文件“Debug\Ctestdll.lastbuildstate”。
       InitializeBuildStatus:
         正在对“Debug\Ctestdll.unsuccessfulbuild”执行 Touch 任务。
       ClCompile:
         C:\Program Files (x86)\Microsoft Visual Studio 10.0\VC\bin\CL.exe /c /ZI /nologo /W3 /WX- /Od /Oy- /D WIN32 /D _DEBUG /D _CONSOLE /D _UNICODE /D UNICODE /Gm /EHsc /RTC1 /MDd /GS /fp:precise /Zc:wchar_t /Zc:forScope /Yc"StdAfx.h" /Fp"Debug\Ctestdll.pch" /Fo"Debug\\" /Fd"Debug\vc100.pdb" /Gd /TP /analyze- /errorReport:prompt stdafx.cpp
         stdafx.cpp
         C:\Program Files (x86)\Microsoft Visual Studio 10.0\VC\bin\CL.exe /c /ZI /nologo /W3 /WX- /Od /Oy- /D WIN32 /D _DEBUG /D _CONSOLE /D _UNICODE /D UNICODE /Gm /EHsc /RTC1 /MDd /GS /fp:precise /Zc:wchar_t /Zc:forScope /Yu"StdAfx.h" /Fp"Debug\Ctestdll.pch" /Fo"Debug\\" /Fd"Debug\vc100.pdb" /Gd /TP /analyze- /errorReport:prompt Ctestdll.cpp
         Ctestdll.cpp
       ManifestResourceCompile:
         C:\Program Files (x86)\Microsoft SDKs\Windows\v7.0A\bin\rc.exe /nologo /fo"Debug\Ctestdll.exe.embed.manifest.res" Debug\Ctestdll_manifest.rc 
       Link:
         C:\Program Files (x86)\Microsoft Visual Studio 10.0\VC\bin\link.exe /ERRORREPORT:PROMPT /OUT:"F:\combus\Ctestdll\Debug\Ctestdll.exe" /INCREMENTAL /NOLOGO /LIBPATH:F:\combus\Ctestdll\Ctestdll\Debug /LIBPATH:"C:\Program Files\MATLAB\R2012\extern\lib\win64\microsoft" libeng.lib libmat.lib libmex.lib libmx.lib mclmcrrt.lib mclmcr.lib add.lib kernel32.lib user32.lib gdi32.lib winspool.lib comdlg32.lib advapi32.lib shell32.lib ole32.lib oleaut32.lib uuid.lib odbc32.lib odbccp32.lib /MANIFEST /ManifestFile:"Debug\Ctestdll.exe.intermediate.manifest" /MANIFESTUAC:"level='asInvoker' uiAccess='false'" /DEBUG /PDB:"F:\combus\Ctestdll\Debug\Ctestdll.pdb" /SUBSYSTEM:CONSOLE /TLBID:1 /DYNAMICBASE /NXCOMPAT /IMPLIB:"F:\combus\Ctestdll\Debug\Ctestdll.lib" /MACHINE:X86 Debug\Ctestdll.exe.embed.manifest.res
         Debug\Ctestdll.obj
         Debug\stdafx.obj
         add.lib
     1>Ctestdll.obj : error LNK2019: 无法解析的外部符号 _addInitialize，该符号在函数 _wmain 中被引用
     1>F:\combus\Ctestdll\Debug\Ctestdll.exe : fatal error LNK1120: 1 个无法解析的外部命令
     1>已完成生成项目“F:\combus\Ctestdll\Ctestdll\Ctestdll.vcxproj”(rebuild 个目标)的操作 - 失败。

生成失败。

已用时间 00:00:04.82
